Flow report for TOP_PIPELINE
Tue Jun 27 17:53:43 2023
Quartus Prime Version 20.1.1 Build 720 11/11/2020 SJ Lite Edition


---------------------
; Table of Contents ;
---------------------
  1. Legal Notice
  2. Flow Summary
  3. Flow Settings
  4. Flow Non-Default Global Settings
  5. Flow Elapsed Time
  6. Flow OS Summary
  7. Flow Log
  8. Flow Messages
  9. Flow Suppressed Messages



----------------
; Legal Notice ;
----------------
Copyright (C) 2020  Intel Corporation. All rights reserved.
Your use of Intel Corporation's design tools, logic functions 
and other software and tools, and any partner logic 
functions, and any output files from any of the foregoing 
(including device programming or simulation files), and any 
associated documentation or information are expressly subject 
to the terms and conditions of the Intel Program License 
Subscription Agreement, the Intel Quartus Prime License Agreement,
the Intel FPGA IP License Agreement, or other applicable license
agreement, including, without limitation, that your use is for
the sole purpose of programming logic devices manufactured by
Intel and sold by Intel or its authorized distributors.  Please
refer to the applicable agreement for further details, at
https://fpgasoftware.intel.com/eula.



+-------------------------------------------------------------------------------+
; Flow Summary                                                                  ;
+---------------------------------+---------------------------------------------+
; Flow Status                     ; Successful - Tue Jun 27 17:53:06 2023       ;
; Quartus Prime Version           ; 20.1.1 Build 720 11/11/2020 SJ Lite Edition ;
; Revision Name                   ; TOP_PIPELINE                                ;
; Top-level Entity Name           ; CPU_TOP_PIPELINE                            ;
; Family                          ; Cyclone V                                   ;
; Device                          ; 5CEFA7F31I7                                 ;
; Timing Models                   ; Final                                       ;
; Logic utilization (in ALMs)     ; 9,727 / 56,480 ( 17 % )                     ;
; Total registers                 ; 17978                                       ;
; Total pins                      ; 40 / 480 ( 8 % )                            ;
; Total virtual pins              ; 0                                           ;
; Total block memory bits         ; 0 / 7,024,640 ( 0 % )                       ;
; Total DSP Blocks                ; 0 / 156 ( 0 % )                             ;
; Total HSSI RX PCSs              ; 0                                           ;
; Total HSSI PMA RX Deserializers ; 0                                           ;
; Total HSSI TX PCSs              ; 0                                           ;
; Total HSSI PMA TX Serializers   ; 0                                           ;
; Total PLLs                      ; 0 / 7 ( 0 % )                               ;
; Total DLLs                      ; 0 / 4 ( 0 % )                               ;
+---------------------------------+---------------------------------------------+


+-----------------------------------------+
; Flow Settings                           ;
+-------------------+---------------------+
; Option            ; Setting             ;
+-------------------+---------------------+
; Start date & time ; 06/27/2023 17:42:31 ;
; Main task         ; Compilation         ;
; Revision Name     ; TOP_PIPELINE        ;
+-------------------+---------------------+


+------------------------------------------------------------------------------------------------------------------------------+
; Flow Non-Default Global Settings                                                                                             ;
+-------------------------------------+----------------------------------------+---------------+------------------+------------+
; Assignment Name                     ; Value                                  ; Default Value ; Entity Name      ; Section Id ;
+-------------------------------------+----------------------------------------+---------------+------------------+------------+
; COMPILER_SIGNATURE_ID               ; 186426315576.168785895116332           ; --            ; --               ; --         ;
; MAX_CORE_JUNCTION_TEMP              ; 100                                    ; --            ; --               ; --         ;
; MIN_CORE_JUNCTION_TEMP              ; -40                                    ; --            ; --               ; --         ;
; PARTITION_COLOR                     ; -- (Not supported for targeted family) ; --            ; CPU_TOP_PIPELINE ; Top        ;
; PARTITION_FITTER_PRESERVATION_LEVEL ; -- (Not supported for targeted family) ; --            ; CPU_TOP_PIPELINE ; Top        ;
; PARTITION_NETLIST_TYPE              ; -- (Not supported for targeted family) ; --            ; CPU_TOP_PIPELINE ; Top        ;
; POWER_BOARD_THERMAL_MODEL           ; None (CONSERVATIVE)                    ; --            ; --               ; --         ;
; POWER_PRESET_COOLING_SOLUTION       ; 23 MM HEAT SINK WITH 200 LFPM AIRFLOW  ; --            ; --               ; --         ;
; PROJECT_OUTPUT_DIRECTORY            ; output_files                           ; --            ; --               ; --         ;
; TOP_LEVEL_ENTITY                    ; CPU_TOP_PIPELINE                       ; TOP_PIPELINE  ; --               ; --         ;
+-------------------------------------+----------------------------------------+---------------+------------------+------------+


+--------------------------------------------------------------------------------------------------------------------------+
; Flow Elapsed Time                                                                                                        ;
+----------------------+--------------+-------------------------+---------------------+------------------------------------+
; Module Name          ; Elapsed Time ; Average Processors Used ; Peak Virtual Memory ; Total CPU Time (on all processors) ;
+----------------------+--------------+-------------------------+---------------------+------------------------------------+
; Analysis & Synthesis ; 00:00:24     ; 1.0                     ; 4998 MB             ; 00:00:33                           ;
; Fitter               ; 00:03:26     ; 1.4                     ; 7178 MB             ; 00:13:14                           ;
; Assembler            ; 00:00:15     ; 1.0                     ; 4993 MB             ; 00:00:13                           ;
; Timing Analyzer      ; 00:00:24     ; 3.7                     ; 5575 MB             ; 00:01:20                           ;
; Total                ; 00:04:29     ; --                      ; --                  ; 00:15:20                           ;
+----------------------+--------------+-------------------------+---------------------+------------------------------------+


+------------------------------------------------------------------------------------+
; Flow OS Summary                                                                    ;
+----------------------+------------------+------------+------------+----------------+
; Module Name          ; Machine Hostname ; OS Name    ; OS Version ; Processor type ;
+----------------------+------------------+------------+------------+----------------+
; Analysis & Synthesis ; LAPTOP-THK9GKQD  ; Windows 10 ; 10.0       ; x86_64         ;
; Fitter               ; LAPTOP-THK9GKQD  ; Windows 10 ; 10.0       ; x86_64         ;
; Assembler            ; LAPTOP-THK9GKQD  ; Windows 10 ; 10.0       ; x86_64         ;
; Timing Analyzer      ; LAPTOP-THK9GKQD  ; Windows 10 ; 10.0       ; x86_64         ;
+----------------------+------------------+------------+------------+----------------+


------------
; Flow Log ;
------------
quartus_map --read_settings_files=on --write_settings_files=off MIPS5 -c TOP_PIPELINE
quartus_fit --read_settings_files=on --write_settings_files=off MIPS5 -c TOP_PIPELINE
quartus_asm --read_settings_files=on --write_settings_files=off MIPS5 -c TOP_PIPELINE
quartus_sta MIPS5 -c TOP_PIPELINE



